Using pre-set license
Built from '2021.3/staging' branch; Version is '2021.3.7f1 (24e8595d6d43) revision 2418777'; Using compiler version '192829333'; Build Type 'Release'
OS: 'Windows 10  (10.0.19044) 64bit Professional' Language: 'ko' Physical Memory: 15659 MB
BatchMode: 1, IsHumanControllingUs: 0, StartBugReporterOnCrash: 0, Is64bit: 1, IsPro: 1

COMMAND LINE ARGUMENTS:
C:\Program Files\Unity\Hub\Editor\2021.3.7f1\Editor\Unity.exe
-adb2
-batchMode
-noUpm
-name
AssetImportWorker2
-projectPath
C:/Metarverse#1/LDH/SoloProject-Escape-/My sol
-logFile
Logs/AssetImportWorker2.log
-srvPort
56935
Successfully changed project path to: C:/Metarverse#1/LDH/SoloProject-Escape-/My sol
C:/Metarverse#1/LDH/SoloProject-Escape-/My sol
[UnityMemory] Configuration Parameters - Can be set up in boot.config
    "memorysetup-bucket-allocator-granularity=16"
    "memorysetup-bucket-allocator-bucket-count=8"
    "memorysetup-bucket-allocator-block-size=33554432"
    "memorysetup-bucket-allocator-block-count=8"
    "memorysetup-main-allocator-block-size=16777216"
    "memorysetup-thread-allocator-block-size=16777216"
    "memorysetup-gfx-main-allocator-block-size=16777216"
    "memorysetup-gfx-thread-allocator-block-size=16777216"
    "memorysetup-cache-allocator-block-size=4194304"
    "memorysetup-typetree-allocator-block-size=2097152"
    "memorysetup-profiler-bucket-allocator-granularity=16"
    "memorysetup-profiler-bucket-allocator-bucket-count=8"
    "memorysetup-profiler-bucket-allocator-block-size=33554432"
    "memorysetup-profiler-bucket-allocator-block-count=8"
    "memorysetup-profiler-allocator-block-size=16777216"
    "memorysetup-profiler-editor-allocator-block-size=1048576"
    "memorysetup-temp-allocator-size-main=16777216"
    "memorysetup-job-temp-allocator-block-size=2097152"
    "memorysetup-job-temp-allocator-block-size-background=1048576"
    "memorysetup-job-temp-allocator-reduction-small-platforms=262144"
    "memorysetup-temp-allocator-size-background-worker=32768"
    "memorysetup-temp-allocator-size-job-worker=262144"
    "memorysetup-temp-allocator-size-preload-manager=33554432"
    "memorysetup-temp-allocator-size-nav-mesh-worker=65536"
    "memorysetup-temp-allocator-size-audio-worker=65536"
    "memorysetup-temp-allocator-size-cloud-worker=32768"
    "memorysetup-temp-allocator-size-gi-baking-worker=262144"
    "memorysetup-temp-allocator-size-gfx=262144"
Default GameObject BitMask: Water already registered
Refreshing native plugins compatible for Editor in 90.38 ms, found 3 plugins.
Preloading 0 native plugins for Editor in 0.00 ms.
Initialize engine version: 2021.3.7f1 (24e8595d6d43)
[Subsystems] Discovering subsystems at path C:/Program Files/Unity/Hub/Editor/2021.3.7f1/Editor/Data/Resources/UnitySubsystems
[Subsystems] Discovering subsystems at path C:/Metarverse#1/LDH/SoloProject-Escape-/My sol/Assets
GfxDevice: creating device client; threaded=0; jobified=0
Direct3D:
    Version:  Direct3D 11.0 [level 11.1]
    Renderer: AMD Radeon(TM) Graphics (ID=0x1638)
    Vendor:   ATI
    VRAM:     7829 MB
    Driver:   30.0.13014.8
Initialize mono
Mono path[0] = 'C:/Program Files/Unity/Hub/Editor/2021.3.7f1/Editor/Data/Managed'
Mono path[1] = 'C:/Program Files/Unity/Hub/Editor/2021.3.7f1/Editor/Data/MonoBleedingEdge/lib/mono/unityjit-win32'
Mono config path = 'C:/Program Files/Unity/Hub/Editor/2021.3.7f1/Editor/Data/MonoBleedingEdge/etc'
Using monoOptions --debugger-agent=transport=dt_socket,embedding=1,server=y,suspend=n,address=127.0.0.1:56752
Begin MonoManager ReloadAssembly
Registering precompiled unity dll's ...
Register platform support module: C:/Program Files/Unity/Hub/Editor/2021.3.7f1/Editor/Data/PlaybackEngines/WebGLSupport/UnityEditor.WebGL.Extensions.dll
Register platform support module: C:/Program Files/Unity/Hub/Editor/2021.3.7f1/Editor/Data/PlaybackEngines/WindowsStandaloneSupport/UnityEditor.WindowsStandalone.Extensions.dll
Registered in 0.008937 seconds.
Native extension for WindowsStandalone target not found
Native extension for WebGL target not found
Refreshing native plugins compatible for Editor in 92.97 ms, found 3 plugins.
Preloading 0 native plugins for Editor in 0.00 ms.
Mono: successfully reloaded assembly
- Completed reload, in  0.579 seconds
Domain Reload Profiling:
	ReloadAssembly (580ms)
		BeginReloadAssembly (68ms)
			ExecutionOrderSort (0ms)
			DisableScriptedObjects (0ms)
			BackupInstance (0ms)
			ReleaseScriptingObjects (0ms)
			CreateAndSetChildDomain (1ms)
		EndReloadAssembly (414ms)
			LoadAssemblies (66ms)
			RebuildTransferFunctionScriptingTraits (0ms)
			SetupTypeCache (92ms)
			ReleaseScriptCaches (0ms)
			RebuildScriptCaches (20ms)
			SetupLoadedEditorAssemblies (252ms)
				LogAssemblyErrors (0ms)
				InitializePlatformSupportModulesInManaged (9ms)
				SetLoadedEditorAssemblies (0ms)
				RefreshPlugins (93ms)
				BeforeProcessingInitializeOnLoad (1ms)
				ProcessInitializeOnLoadAttributes (105ms)
				ProcessInitializeOnLoadMethodAttributes (44ms)
				AfterProcessingInitializeOnLoad (0ms)
				EditorAssembliesLoaded (0ms)
			ExecutionOrderSort2 (0ms)
			AwakeInstancesAfterBackupRestoration (0ms)
Platform modules already initialized, skipping
Registering precompiled user dll's ...
Registered in 0.008723 seconds.
Begin MonoManager ReloadAssembly
Symbol file LoadedFromMemory doesn't match image C:\Metarverse#1\LDH\SoloProject-Escape-\My sol\Library\PackageCache\com.unity.visualscripting@1.7.8\Editor\VisualScripting.Core\Dependencies\YamlDotNet\Unity.VisualScripting.YamlDotNet.dll
Symbol file LoadedFromMemory doesn't match image C:\Metarverse#1\LDH\SoloProject-Escape-\My sol\Library\PackageCache\com.unity.visualscripting@1.7.8\Editor\VisualScripting.Core\Dependencies\DotNetZip\Unity.VisualScripting.IonicZip.dll
Native extension for WindowsStandalone target not found
Native extension for WebGL target not found
Refreshing native plugins compatible for Editor in 91.59 ms, found 3 plugins.
Preloading 0 native plugins for Editor in 0.00 ms.
Mono: successfully reloaded assembly
- Completed reload, in  1.087 seconds
Domain Reload Profiling:
	ReloadAssembly (1088ms)
		BeginReloadAssembly (101ms)
			ExecutionOrderSort (0ms)
			DisableScriptedObjects (5ms)
			BackupInstance (0ms)
			ReleaseScriptingObjects (0ms)
			CreateAndSetChildDomain (19ms)
		EndReloadAssembly (886ms)
			LoadAssemblies (87ms)
			RebuildTransferFunctionScriptingTraits (0ms)
			SetupTypeCache (233ms)
			ReleaseScriptCaches (1ms)
			RebuildScriptCaches (44ms)
			SetupLoadedEditorAssemblies (484ms)
				LogAssemblyErrors (0ms)
				InitializePlatformSupportModulesInManaged (5ms)
				SetLoadedEditorAssemblies (0ms)
				RefreshPlugins (92ms)
				BeforeProcessingInitializeOnLoad (96ms)
				ProcessInitializeOnLoadAttributes (209ms)
				ProcessInitializeOnLoadMethodAttributes (72ms)
				AfterProcessingInitializeOnLoad (9ms)
				EditorAssembliesLoaded (0ms)
			ExecutionOrderSort2 (0ms)
			AwakeInstancesAfterBackupRestoration (9ms)
Platform modules already initialized, skipping
========================================================================
Worker process is ready to serve import requests
Default GameObject BitMask: Water already registered
Launched and connected shader compiler UnityShaderCompiler.exe after 0.04 seconds
Refreshing native plugins compatible for Editor in 0.89 ms, found 3 plugins.
Preloading 0 native plugins for Editor in 0.00 ms.
Unloading 5207 Unused Serialized files (Serialized files now loaded: 0)
Unloading 33 unused Assets / (0.6 MB). Loaded Objects now: 5681.
Memory consumption went from 220.9 MB to 220.3 MB.
Total: 3.610300 ms (FindLiveObjects: 0.358300 ms CreateObjectMapping: 0.285900 ms MarkObjects: 2.720400 ms  DeleteObjects: 0.245200 ms)

AssetImportParameters requested are different than current active one (requested -> active):
  custom:video-decoder-ogg-theora: a1e56fd34408186e4bbccfd4996cb3dc -> 
  custom:container-muxer-webm: aa71ff27fc2769a1b78a27578f13a17b -> 
  custom:container-demuxer-webm: 4f35f7cbe854078d1ac9338744f61a02 -> 
  custom:video-encoder-webm-vp8: eb34c28f22e8b96e1ab97ce403110664 -> 
  custom:audio-encoder-webm-vorbis: bf7c407c2cedff20999df2af8eb42d56 -> 
  custom:framework-win-MediaFoundation: 216162199b28c13a410421893ffa2e32 -> 
  custom:container-demuxer-ogg: 62fdf1f143b41e24485cea50d1cbac27 -> 
  custom:video-decoder-webm-vp8: 9c59270c3fd7afecdb556c50c9e8de78 -> 
  custom:audio-decoder-ogg-vorbis: bf7c407c2cedff20999df2af8eb42d56 -> 
========================================================================
Received Import Request.
  Time since last request: 941915.896324 seconds.
  path: Assets/Shader/MyOutLine.shader
  artifactKey: Guid(f4e1a7aca2850844f983fd7350c434e5) Importer(815301076,1909f56bfc062723c751e8b465ee728b)
Start importing Assets/Shader/MyOutLine.shader using Guid(f4e1a7aca2850844f983fd7350c434e5) Importer(815301076,1909f56bfc062723c751e8b465ee728b)  -> (artifact id: 'f6827d36a4f10a660372a5b0d75883f9') in 0.035700 seconds 
========================================================================
Received Import Request.
  Time since last request: 21.991968 seconds.
  path: Assets/Shader/MyOutLine.shader
  artifactKey: Guid(f4e1a7aca2850844f983fd7350c434e5) Importer(815301076,1909f56bfc062723c751e8b465ee728b)
Start importing Assets/Shader/MyOutLine.shader using Guid(f4e1a7aca2850844f983fd7350c434e5) Importer(815301076,1909f56bfc062723c751e8b465ee728b)  -> (artifact id: 'b068137ff112ebb649a52815b0cf7351') in 0.002555 seconds 
========================================================================
Received Import Request.
  Time since last request: 199.019824 seconds.
  path: Assets/Shader/MyOutLine.shader
  artifactKey: Guid(f4e1a7aca2850844f983fd7350c434e5) Importer(815301076,1909f56bfc062723c751e8b465ee728b)
Start importing Assets/Shader/MyOutLine.shader using Guid(f4e1a7aca2850844f983fd7350c434e5) Importer(815301076,1909f56bfc062723c751e8b465ee728b)  -> (artifact id: 'aed40b3d62fd2b75368747a4accc2c59') in 0.002651 seconds 
========================================================================
Received Import Request.
  Time since last request: 10.911741 seconds.
  path: Assets/Shader/My.mat
  artifactKey: Guid(a5fd013ee911a8d48ac4877ed6a11bb0) Importer(815301076,1909f56bfc062723c751e8b465ee728b)
Start importing Assets/Shader/My.mat using Guid(a5fd013ee911a8d48ac4877ed6a11bb0) Importer(815301076,1909f56bfc062723c751e8b465ee728b)  -> (artifact id: 'a338bd144f73ff6840e12ce11ad4ea5a') in 0.186224 seconds 
========================================================================
Received Prepare
Default GameObject BitMask: Water already registered
Registering precompiled user dll's ...
Registered in 0.010229 seconds.
Begin MonoManager ReloadAssembly
Symbol file LoadedFromMemory doesn't match image C:\Metarverse#1\LDH\SoloProject-Escape-\My sol\Library\PackageCache\com.unity.visualscripting@1.7.8\Editor\VisualScripting.Core\Dependencies\YamlDotNet\Unity.VisualScripting.YamlDotNet.dll
Symbol file LoadedFromMemory doesn't match image C:\Metarverse#1\LDH\SoloProject-Escape-\My sol\Library\PackageCache\com.unity.visualscripting@1.7.8\Editor\VisualScripting.Core\Dependencies\DotNetZip\Unity.VisualScripting.IonicZip.dll
Native extension for WindowsStandalone target not found
Native extension for WebGL target not found
Refreshing native plugins compatible for Editor in 1.45 ms, found 3 plugins.
Preloading 0 native plugins for Editor in 0.00 ms.
Mono: successfully reloaded assembly
- Completed reload, in  1.141 seconds
Domain Reload Profiling:
	ReloadAssembly (1142ms)
		BeginReloadAssembly (140ms)
			ExecutionOrderSort (0ms)
			DisableScriptedObjects (7ms)
			BackupInstance (0ms)
			ReleaseScriptingObjects (0ms)
			CreateAndSetChildDomain (40ms)
		EndReloadAssembly (912ms)
			LoadAssemblies (100ms)
			RebuildTransferFunctionScriptingTraits (0ms)
			SetupTypeCache (280ms)
			ReleaseScriptCaches (2ms)
			RebuildScriptCaches (45ms)
			SetupLoadedEditorAssemblies (407ms)
				LogAssemblyErrors (0ms)
				InitializePlatformSupportModulesInManaged (15ms)
				SetLoadedEditorAssemblies (0ms)
				RefreshPlugins (2ms)
				BeforeProcessingInitializeOnLoad (87ms)
				ProcessInitializeOnLoadAttributes (210ms)
				ProcessInitializeOnLoadMethodAttributes (81ms)
				AfterProcessingInitializeOnLoad (11ms)
				EditorAssembliesLoaded (0ms)
			ExecutionOrderSort2 (0ms)
			AwakeInstancesAfterBackupRestoration (16ms)
Platform modules already initialized, skipping
Refreshing native plugins compatible for Editor in 2.84 ms, found 3 plugins.
Preloading 0 native plugins for Editor in 0.00 ms.
Unloading 5064 Unused Serialized files (Serialized files now loaded: 0)
Unloading 27 unused Assets / (0.6 MB). Loaded Objects now: 5768.
Memory consumption went from 217.1 MB to 216.5 MB.
Total: 3.800200 ms (FindLiveObjects: 0.344600 ms CreateObjectMapping: 0.168300 ms MarkObjects: 3.035600 ms  DeleteObjects: 0.251100 ms)

AssetImportParameters requested are different than current active one (requested -> active):
  custom:video-decoder-ogg-theora: a1e56fd34408186e4bbccfd4996cb3dc -> 
  custom:container-muxer-webm: aa71ff27fc2769a1b78a27578f13a17b -> 
  custom:container-demuxer-webm: 4f35f7cbe854078d1ac9338744f61a02 -> 
  custom:video-encoder-webm-vp8: eb34c28f22e8b96e1ab97ce403110664 -> 
  custom:audio-encoder-webm-vorbis: bf7c407c2cedff20999df2af8eb42d56 -> 
  custom:framework-win-MediaFoundation: 216162199b28c13a410421893ffa2e32 -> 
  custom:container-demuxer-ogg: 62fdf1f143b41e24485cea50d1cbac27 -> 
  custom:video-decoder-webm-vp8: 9c59270c3fd7afecdb556c50c9e8de78 -> 
  custom:audio-decoder-ogg-vorbis: bf7c407c2cedff20999df2af8eb42d56 -> 
========================================================================
Received Import Request.
  Time since last request: 436.665653 seconds.
  path: Assets/Asset/TextMesh Pro/Sprites/EmojiOne.png
  artifactKey: Guid(dffef66376be4fa480fb02b19edbe903) Importer(815301076,1909f56bfc062723c751e8b465ee728b)
Start importing Assets/Asset/TextMesh Pro/Sprites/EmojiOne.png using Guid(dffef66376be4fa480fb02b19edbe903) Importer(815301076,1909f56bfc062723c751e8b465ee728b)  -> (artifact id: '2c89d5e41285593a2aa19f66abb6f03a') in 0.067707 seconds 
========================================================================
Received Import Request.
  Time since last request: 0.000021 seconds.
  path: Assets/Footsteps - Essentials/Image/Foot_White.png
  artifactKey: Guid(72832f1adf1307b4e859940b04b2f87e) Importer(815301076,1909f56bfc062723c751e8b465ee728b)
Start importing Assets/Footsteps - Essentials/Image/Foot_White.png using Guid(72832f1adf1307b4e859940b04b2f87e) Importer(815301076,1909f56bfc062723c751e8b465ee728b)  -> (artifact id: '5443e4702530612864dee6d9bcb296b8') in 0.018376 seconds 
========================================================================
Received Import Request.
  Time since last request: 0.000024 seconds.
  path: Assets/MapGenerator/Maps/Mapa.png
  artifactKey: Guid(8f4881ba6ffc2ce48a096f26b3b36bca) Importer(815301076,1909f56bfc062723c751e8b465ee728b)
Start importing Assets/MapGenerator/Maps/Mapa.png using Guid(8f4881ba6ffc2ce48a096f26b3b36bca) Importer(815301076,1909f56bfc062723c751e8b465ee728b)  -> (artifact id: 'fbbe3694f011a82be94f943ecb367cc9') in 0.015077 seconds 
========================================================================
Received Import Request.
  Time since last request: 0.000019 seconds.
  path: Assets/MapGenerator/Maps/Mapa2.png
  artifactKey: Guid(934ecee33a6cc3443b025697e29da4a8) Importer(815301076,1909f56bfc062723c751e8b465ee728b)
Start importing Assets/MapGenerator/Maps/Mapa2.png using Guid(934ecee33a6cc3443b025697e29da4a8) Importer(815301076,1909f56bfc062723c751e8b465ee728b)  -> (artifact id: 'c040bb1da430b7e9bf03eb9b5a282df2') in 0.015206 seconds 
========================================================================
Received Import Request.
  Time since last request: 0.000021 seconds.
  path: Assets/Asset/TextMesh Pro/Resources/Fonts & Materials/LiberationSans SDF - Fallback.asset
  artifactKey: Guid(2e498d1c8094910479dc3e1b768306a4) Importer(815301076,1909f56bfc062723c751e8b465ee728b)
Start importing Assets/Asset/TextMesh Pro/Resources/Fonts & Materials/LiberationSans SDF - Fallback.asset using Guid(2e498d1c8094910479dc3e1b768306a4) Importer(815301076,1909f56bfc062723c751e8b465ee728b)  -> (artifact id: '1cb86890887c46c57e71300fdf1ceb32') in 0.178319 seconds 
========================================================================
Received Import Request.
  Time since last request: 31.941426 seconds.
  path: Assets/Shader/MyOutLine.shader
  artifactKey: Guid(f4e1a7aca2850844f983fd7350c434e5) Importer(815301076,1909f56bfc062723c751e8b465ee728b)
Start importing Assets/Shader/MyOutLine.shader using Guid(f4e1a7aca2850844f983fd7350c434e5) Importer(815301076,1909f56bfc062723c751e8b465ee728b)  -> (artifact id: '50d3ee038f4b6c8fcab8763e0f3b4594') in 0.002717 seconds 
========================================================================
Received Import Request.
  Time since last request: 24.303998 seconds.
  path: Assets/Shader/MyOutLine.shader
  artifactKey: Guid(f4e1a7aca2850844f983fd7350c434e5) Importer(815301076,1909f56bfc062723c751e8b465ee728b)
Start importing Assets/Shader/MyOutLine.shader using Guid(f4e1a7aca2850844f983fd7350c434e5) Importer(815301076,1909f56bfc062723c751e8b465ee728b)  -> (artifact id: 'af0b24d33f44163aef29201f1c126e28') in 0.002698 seconds 
========================================================================
Received Import Request.
  Time since last request: 115.344334 seconds.
  path: Assets/Prefeb/box.fbx
  artifactKey: Guid(fe1d93239a25fbc4388a4b39ba102393) Importer(815301076,1909f56bfc062723c751e8b465ee728b)
Start importing Assets/Prefeb/box.fbx using Guid(fe1d93239a25fbc4388a4b39ba102393) Importer(815301076,1909f56bfc062723c751e8b465ee728b)  -> (artifact id: 'de94a31ae084e4ff020984ec999828a4') in 0.075723 seconds 
========================================================================
Received Import Request.
  Time since last request: 0.000075 seconds.
  path: Assets/Prefeb/Frame.fbx
  artifactKey: Guid(750e7104fa4b13b4bb8444572591319a) Importer(815301076,1909f56bfc062723c751e8b465ee728b)
Start importing Assets/Prefeb/Frame.fbx using Guid(750e7104fa4b13b4bb8444572591319a) Importer(815301076,1909f56bfc062723c751e8b465ee728b)  -> (artifact id: '374d68147a6914413da3c4cb8c4a1957') in 0.448294 seconds 
Editor requested this worker to shutdown with reason: Scaling down because of idle timeout
AssetImportWorker is now disconnected from the server
Process exiting
Exiting without the bug reporter. Application will terminate with return code 0