Using pre-set license
Built from '2021.3/staging' branch; Version is '2021.3.7f1 (24e8595d6d43) revision 2418777'; Using compiler version '192829333'; Build Type 'Release'
OS: 'Windows 10  (10.0.19044) 64bit Professional' Language: 'ko' Physical Memory: 15659 MB
BatchMode: 1, IsHumanControllingUs: 0, StartBugReporterOnCrash: 0, Is64bit: 1, IsPro: 1

COMMAND LINE ARGUMENTS:
C:\Program Files\Unity\Hub\Editor\2021.3.7f1\Editor\Unity.exe
-adb2
-batchMode
-noUpm
-name
AssetImportWorker9
-projectPath
C:/Metarverse#1/LDH/SoloProject-Escape-/My sol
-logFile
Logs/AssetImportWorker9.log
-srvPort
56935
Successfully changed project path to: C:/Metarverse#1/LDH/SoloProject-Escape-/My sol
C:/Metarverse#1/LDH/SoloProject-Escape-/My sol
[UnityMemory] Configuration Parameters - Can be set up in boot.config
    "memorysetup-bucket-allocator-granularity=16"
    "memorysetup-bucket-allocator-bucket-count=8"
    "memorysetup-bucket-allocator-block-size=33554432"
    "memorysetup-bucket-allocator-block-count=8"
    "memorysetup-main-allocator-block-size=16777216"
    "memorysetup-thread-allocator-block-size=16777216"
    "memorysetup-gfx-main-allocator-block-size=16777216"
    "memorysetup-gfx-thread-allocator-block-size=16777216"
    "memorysetup-cache-allocator-block-size=4194304"
    "memorysetup-typetree-allocator-block-size=2097152"
    "memorysetup-profiler-bucket-allocator-granularity=16"
    "memorysetup-profiler-bucket-allocator-bucket-count=8"
    "memorysetup-profiler-bucket-allocator-block-size=33554432"
    "memorysetup-profiler-bucket-allocator-block-count=8"
    "memorysetup-profiler-allocator-block-size=16777216"
    "memorysetup-profiler-editor-allocator-block-size=1048576"
    "memorysetup-temp-allocator-size-main=16777216"
    "memorysetup-job-temp-allocator-block-size=2097152"
    "memorysetup-job-temp-allocator-block-size-background=1048576"
    "memorysetup-job-temp-allocator-reduction-small-platforms=262144"
    "memorysetup-temp-allocator-size-background-worker=32768"
    "memorysetup-temp-allocator-size-job-worker=262144"
    "memorysetup-temp-allocator-size-preload-manager=33554432"
    "memorysetup-temp-allocator-size-nav-mesh-worker=65536"
    "memorysetup-temp-allocator-size-audio-worker=65536"
    "memorysetup-temp-allocator-size-cloud-worker=32768"
    "memorysetup-temp-allocator-size-gi-baking-worker=262144"
    "memorysetup-temp-allocator-size-gfx=262144"
Default GameObject BitMask: Water already registered
Refreshing native plugins compatible for Editor in 82.60 ms, found 3 plugins.
Preloading 0 native plugins for Editor in 0.00 ms.
Initialize engine version: 2021.3.7f1 (24e8595d6d43)
[Subsystems] Discovering subsystems at path C:/Program Files/Unity/Hub/Editor/2021.3.7f1/Editor/Data/Resources/UnitySubsystems
[Subsystems] Discovering subsystems at path C:/Metarverse#1/LDH/SoloProject-Escape-/My sol/Assets
GfxDevice: creating device client; threaded=0; jobified=0
Direct3D:
    Version:  Direct3D 11.0 [level 11.1]
    Renderer: AMD Radeon(TM) Graphics (ID=0x1638)
    Vendor:   ATI
    VRAM:     7829 MB
    Driver:   30.0.13014.8
Initialize mono
Mono path[0] = 'C:/Program Files/Unity/Hub/Editor/2021.3.7f1/Editor/Data/Managed'
Mono path[1] = 'C:/Program Files/Unity/Hub/Editor/2021.3.7f1/Editor/Data/MonoBleedingEdge/lib/mono/unityjit-win32'
Mono config path = 'C:/Program Files/Unity/Hub/Editor/2021.3.7f1/Editor/Data/MonoBleedingEdge/etc'
Using monoOptions --debugger-agent=transport=dt_socket,embedding=1,server=y,suspend=n,address=127.0.0.1:56352
Begin MonoManager ReloadAssembly
Registering precompiled unity dll's ...
Register platform support module: C:/Program Files/Unity/Hub/Editor/2021.3.7f1/Editor/Data/PlaybackEngines/WebGLSupport/UnityEditor.WebGL.Extensions.dll
Register platform support module: C:/Program Files/Unity/Hub/Editor/2021.3.7f1/Editor/Data/PlaybackEngines/WindowsStandaloneSupport/UnityEditor.WindowsStandalone.Extensions.dll
Registered in 0.007066 seconds.
Native extension for WindowsStandalone target not found
Native extension for WebGL target not found
Refreshing native plugins compatible for Editor in 82.83 ms, found 3 plugins.
Preloading 0 native plugins for Editor in 0.00 ms.
Mono: successfully reloaded assembly
- Completed reload, in  0.519 seconds
Domain Reload Profiling:
	ReloadAssembly (520ms)
		BeginReloadAssembly (64ms)
			ExecutionOrderSort (0ms)
			DisableScriptedObjects (0ms)
			BackupInstance (0ms)
			ReleaseScriptingObjects (0ms)
			CreateAndSetChildDomain (1ms)
		EndReloadAssembly (364ms)
			LoadAssemblies (62ms)
			RebuildTransferFunctionScriptingTraits (0ms)
			SetupTypeCache (74ms)
			ReleaseScriptCaches (0ms)
			RebuildScriptCaches (20ms)
			SetupLoadedEditorAssemblies (228ms)
				LogAssemblyErrors (0ms)
				InitializePlatformSupportModulesInManaged (8ms)
				SetLoadedEditorAssemblies (0ms)
				RefreshPlugins (83ms)
				BeforeProcessingInitializeOnLoad (1ms)
				ProcessInitializeOnLoadAttributes (96ms)
				ProcessInitializeOnLoadMethodAttributes (40ms)
				AfterProcessingInitializeOnLoad (0ms)
				EditorAssembliesLoaded (0ms)
			ExecutionOrderSort2 (0ms)
			AwakeInstancesAfterBackupRestoration (0ms)
Platform modules already initialized, skipping
Registering precompiled user dll's ...
Registered in 0.008471 seconds.
Begin MonoManager ReloadAssembly
Symbol file LoadedFromMemory doesn't match image C:\Metarverse#1\LDH\SoloProject-Escape-\My sol\Library\PackageCache\com.unity.visualscripting@1.7.8\Editor\VisualScripting.Core\Dependencies\YamlDotNet\Unity.VisualScripting.YamlDotNet.dll
Symbol file LoadedFromMemory doesn't match image C:\Metarverse#1\LDH\SoloProject-Escape-\My sol\Library\PackageCache\com.unity.visualscripting@1.7.8\Editor\VisualScripting.Core\Dependencies\DotNetZip\Unity.VisualScripting.IonicZip.dll
Native extension for WindowsStandalone target not found
Native extension for WebGL target not found
Refreshing native plugins compatible for Editor in 82.65 ms, found 3 plugins.
Preloading 0 native plugins for Editor in 0.00 ms.
Mono: successfully reloaded assembly
- Completed reload, in  1.051 seconds
Domain Reload Profiling:
	ReloadAssembly (1052ms)
		BeginReloadAssembly (94ms)
			ExecutionOrderSort (0ms)
			DisableScriptedObjects (5ms)
			BackupInstance (0ms)
			ReleaseScriptingObjects (0ms)
			CreateAndSetChildDomain (17ms)
		EndReloadAssembly (860ms)
			LoadAssemblies (80ms)
			RebuildTransferFunctionScriptingTraits (0ms)
			SetupTypeCache (235ms)
			ReleaseScriptCaches (1ms)
			RebuildScriptCaches (44ms)
			SetupLoadedEditorAssemblies (462ms)
				LogAssemblyErrors (0ms)
				InitializePlatformSupportModulesInManaged (5ms)
				SetLoadedEditorAssemblies (0ms)
				RefreshPlugins (83ms)
				BeforeProcessingInitializeOnLoad (97ms)
				ProcessInitializeOnLoadAttributes (203ms)
				ProcessInitializeOnLoadMethodAttributes (66ms)
				AfterProcessingInitializeOnLoad (8ms)
				EditorAssembliesLoaded (0ms)
			ExecutionOrderSort2 (0ms)
			AwakeInstancesAfterBackupRestoration (9ms)
Platform modules already initialized, skipping
========================================================================
Worker process is ready to serve import requests
Default GameObject BitMask: Water already registered
Launched and connected shader compiler UnityShaderCompiler.exe after 0.04 seconds
Refreshing native plugins compatible for Editor in 0.89 ms, found 3 plugins.
Preloading 0 native plugins for Editor in 0.00 ms.
Unloading 5209 Unused Serialized files (Serialized files now loaded: 0)
Unloading 33 unused Assets / (0.6 MB). Loaded Objects now: 5683.
Memory consumption went from 220.9 MB to 220.3 MB.
Total: 3.675400 ms (FindLiveObjects: 0.347500 ms CreateObjectMapping: 0.297300 ms MarkObjects: 2.780000 ms  DeleteObjects: 0.250000 ms)

AssetImportParameters requested are different than current active one (requested -> active):
  custom:video-decoder-ogg-theora: a1e56fd34408186e4bbccfd4996cb3dc -> 
  custom:container-muxer-webm: aa71ff27fc2769a1b78a27578f13a17b -> 
  custom:container-demuxer-webm: 4f35f7cbe854078d1ac9338744f61a02 -> 
  custom:video-encoder-webm-vp8: eb34c28f22e8b96e1ab97ce403110664 -> 
  custom:audio-encoder-webm-vorbis: bf7c407c2cedff20999df2af8eb42d56 -> 
  custom:framework-win-MediaFoundation: 216162199b28c13a410421893ffa2e32 -> 
  custom:container-demuxer-ogg: 62fdf1f143b41e24485cea50d1cbac27 -> 
  custom:video-decoder-webm-vp8: 9c59270c3fd7afecdb556c50c9e8de78 -> 
  custom:audio-decoder-ogg-vorbis: bf7c407c2cedff20999df2af8eb42d56 -> 
========================================================================
Received Import Request.
  Time since last request: 961624.049083 seconds.
  path: Assets/Footsteps - Essentials/Footsteps_Sand/Footsteps_Sand_Walk/Footsteps_Sand_Walk_02.wav
  artifactKey: Guid(93b5a4dc803c25c48a325a38b5617c33) Importer(815301076,1909f56bfc062723c751e8b465ee728b)
Start importing Assets/Footsteps - Essentials/Footsteps_Sand/Footsteps_Sand_Walk/Footsteps_Sand_Walk_02.wav using Guid(93b5a4dc803c25c48a325a38b5617c33) Importer(815301076,1909f56bfc062723c751e8b465ee728b)  -> (artifact id: '2aef5b26a412cf76afeeafabc7411660') in 0.113386 seconds 
========================================================================
Received Import Request.
  Time since last request: 0.000025 seconds.
  path: Assets/Footsteps - Essentials/Footsteps_Sand/Footsteps_Sand_Walk/Footsteps_Sand_Walk_07.wav
  artifactKey: Guid(3bf9975566f9cd847977ed3ebb6fd3e3) Importer(815301076,1909f56bfc062723c751e8b465ee728b)
Start importing Assets/Footsteps - Essentials/Footsteps_Sand/Footsteps_Sand_Walk/Footsteps_Sand_Walk_07.wav using Guid(3bf9975566f9cd847977ed3ebb6fd3e3) Importer(815301076,1909f56bfc062723c751e8b465ee728b)  -> (artifact id: '62558664bb70f8f8009ca1d634d5e448') in 0.013851 seconds 
========================================================================
Received Import Request.
  Time since last request: 0.000031 seconds.
  path: Assets/Footsteps - Essentials/Footsteps_Sand/Footsteps_Sand_Walk/Footsteps_Sand_Walk_20.wav
  artifactKey: Guid(39b25c6fb65fbde4f9f3534899953f28) Importer(815301076,1909f56bfc062723c751e8b465ee728b)
Start importing Assets/Footsteps - Essentials/Footsteps_Sand/Footsteps_Sand_Walk/Footsteps_Sand_Walk_20.wav using Guid(39b25c6fb65fbde4f9f3534899953f28) Importer(815301076,1909f56bfc062723c751e8b465ee728b)  -> (artifact id: 'a0b35964e39cbfba0c89e928d3198389') in 0.014895 seconds 
========================================================================
Received Import Request.
  Time since last request: 0.000044 seconds.
  path: Assets/Footsteps - Essentials/Footsteps_Sand/Footsteps_Sand_Walk/Footsteps_Sand_Walk_14.wav
  artifactKey: Guid(2e3cf5793eea2204cb2c8f93717c3938) Importer(815301076,1909f56bfc062723c751e8b465ee728b)
Start importing Assets/Footsteps - Essentials/Footsteps_Sand/Footsteps_Sand_Walk/Footsteps_Sand_Walk_14.wav using Guid(2e3cf5793eea2204cb2c8f93717c3938) Importer(815301076,1909f56bfc062723c751e8b465ee728b)  -> (artifact id: '8afdd2200f3c0b1cf112e451f3127c9a') in 0.013420 seconds 
========================================================================
Received Import Request.
  Time since last request: 0.000033 seconds.
  path: Assets/Footsteps - Essentials/Footsteps_Sand/Footsteps_Sand_Walk/Footsteps_Sand_Walk_09.wav
  artifactKey: Guid(1c9813dc085b5374884cf7bcbaa27dca) Importer(815301076,1909f56bfc062723c751e8b465ee728b)
Start importing Assets/Footsteps - Essentials/Footsteps_Sand/Footsteps_Sand_Walk/Footsteps_Sand_Walk_09.wav using Guid(1c9813dc085b5374884cf7bcbaa27dca) Importer(815301076,1909f56bfc062723c751e8b465ee728b)  -> (artifact id: 'e25e4ffd74d3915c31dd9fbde2ce1706') in 0.015352 seconds 
========================================================================
Received Import Request.
  Time since last request: 0.000028 seconds.
  path: Assets/Footsteps - Essentials/Footsteps_Sand/Footsteps_Sand_Walk/Footsteps_Sand_Walk_15.wav
  artifactKey: Guid(c895c66a48b24dc459225afaabcb51f9) Importer(815301076,1909f56bfc062723c751e8b465ee728b)
Start importing Assets/Footsteps - Essentials/Footsteps_Sand/Footsteps_Sand_Walk/Footsteps_Sand_Walk_15.wav using Guid(c895c66a48b24dc459225afaabcb51f9) Importer(815301076,1909f56bfc062723c751e8b465ee728b)  -> (artifact id: '2a2b02106f80296a1b3071d9743359f6') in 0.012538 seconds 
========================================================================
Received Import Request.
  Time since last request: 0.000025 seconds.
  path: Assets/Footsteps - Essentials/Footsteps_Sand/Footsteps_Sand_Walk/Footsteps_Sand_Walk_04.wav
  artifactKey: Guid(6fa9a250bffc6454a840a823ac5ae71d) Importer(815301076,1909f56bfc062723c751e8b465ee728b)
Start importing Assets/Footsteps - Essentials/Footsteps_Sand/Footsteps_Sand_Walk/Footsteps_Sand_Walk_04.wav using Guid(6fa9a250bffc6454a840a823ac5ae71d) Importer(815301076,1909f56bfc062723c751e8b465ee728b)  -> (artifact id: 'd03bb46ce24488dbdcccd7fbaf29c344') in 0.012404 seconds 
========================================================================
Received Import Request.
  Time since last request: 43.262572 seconds.
  path: Assets/Footsteps - Essentials/Footsteps_Sand/Footsteps_Sand_Run/Footsteps_Sand_Run_03.wav
  artifactKey: Guid(9fa438d00f348394a8f0f6c053659a36) Importer(815301076,1909f56bfc062723c751e8b465ee728b)
Start importing Assets/Footsteps - Essentials/Footsteps_Sand/Footsteps_Sand_Run/Footsteps_Sand_Run_03.wav using Guid(9fa438d00f348394a8f0f6c053659a36) Importer(815301076,1909f56bfc062723c751e8b465ee728b)  -> (artifact id: '3827c7d39d97e60366d64353d3db9ce4') in 0.012218 seconds 
========================================================================
Received Import Request.
  Time since last request: 0.000019 seconds.
  path: Assets/Footsteps - Essentials/Footsteps_Sand/Footsteps_Sand_Run/Footsteps_Sand_Run_04.wav
  artifactKey: Guid(1241db8d81c902d4db1bc5e06ba500b3) Importer(815301076,1909f56bfc062723c751e8b465ee728b)
Start importing Assets/Footsteps - Essentials/Footsteps_Sand/Footsteps_Sand_Run/Footsteps_Sand_Run_04.wav using Guid(1241db8d81c902d4db1bc5e06ba500b3) Importer(815301076,1909f56bfc062723c751e8b465ee728b)  -> (artifact id: 'a4d05bc03eccfa828bc8a560b9228e79') in 0.013048 seconds 
========================================================================
Received Import Request.
  Time since last request: 0.000021 seconds.
  path: Assets/Footsteps - Essentials/Footsteps_Sand/Footsteps_Sand_Run/Footsteps_Sand_Run_10.wav
  artifactKey: Guid(17a55e09664ccf54392bb53bbf824804) Importer(815301076,1909f56bfc062723c751e8b465ee728b)
Start importing Assets/Footsteps - Essentials/Footsteps_Sand/Footsteps_Sand_Run/Footsteps_Sand_Run_10.wav using Guid(17a55e09664ccf54392bb53bbf824804) Importer(815301076,1909f56bfc062723c751e8b465ee728b)  -> (artifact id: 'dd522ba68dcbe3b8c42d1bbafb1e2ecf') in 0.011941 seconds 
========================================================================
Received Import Request.
  Time since last request: 0.000030 seconds.
  path: Assets/Footsteps - Essentials/Footsteps_Sand/Footsteps_Sand_Run/Footsteps_Sand_Run_13.wav
  artifactKey: Guid(95f5d05b56992b54db766ac6cd05a7d4) Importer(815301076,1909f56bfc062723c751e8b465ee728b)
Start importing Assets/Footsteps - Essentials/Footsteps_Sand/Footsteps_Sand_Run/Footsteps_Sand_Run_13.wav using Guid(95f5d05b56992b54db766ac6cd05a7d4) Importer(815301076,1909f56bfc062723c751e8b465ee728b)  -> (artifact id: '877f8fe2ec40440afec09511432e9ec9') in 0.012659 seconds 
========================================================================
Received Import Request.
  Time since last request: 0.000031 seconds.
  path: Assets/Footsteps - Essentials/Footsteps_Sand/Footsteps_Sand_Run/Footsteps_Sand_Run_07.wav
  artifactKey: Guid(4abc431d61ba42a4197ca0aba3bad8d3) Importer(815301076,1909f56bfc062723c751e8b465ee728b)
Start importing Assets/Footsteps - Essentials/Footsteps_Sand/Footsteps_Sand_Run/Footsteps_Sand_Run_07.wav using Guid(4abc431d61ba42a4197ca0aba3bad8d3) Importer(815301076,1909f56bfc062723c751e8b465ee728b)  -> (artifact id: 'c2a14c40d677b4bbe890b8babd6ca527') in 0.015045 seconds 
========================================================================
Received Import Request.
  Time since last request: 0.000036 seconds.
  path: Assets/Footsteps - Essentials/Footsteps_Sand/Footsteps_Sand_Run/Footsteps_Sand_Run_06.wav
  artifactKey: Guid(6f1fa4fa8b3675843abe9345bbefffdd) Importer(815301076,1909f56bfc062723c751e8b465ee728b)
Start importing Assets/Footsteps - Essentials/Footsteps_Sand/Footsteps_Sand_Run/Footsteps_Sand_Run_06.wav using Guid(6f1fa4fa8b3675843abe9345bbefffdd) Importer(815301076,1909f56bfc062723c751e8b465ee728b)  -> (artifact id: 'bf22089d83f902b4d860962ccf50fcdf') in 0.012030 seconds 
========================================================================
Received Import Request.
  Time since last request: 0.000022 seconds.
  path: Assets/Footsteps - Essentials/Footsteps_Sand/Footsteps_Sand_Run/Footsteps_Sand_Run_17.wav
  artifactKey: Guid(64d4d5a88368ecf4e9d81d94341ac235) Importer(815301076,1909f56bfc062723c751e8b465ee728b)
Start importing Assets/Footsteps - Essentials/Footsteps_Sand/Footsteps_Sand_Run/Footsteps_Sand_Run_17.wav using Guid(64d4d5a88368ecf4e9d81d94341ac235) Importer(815301076,1909f56bfc062723c751e8b465ee728b)  -> (artifact id: '4f65cadbace0deafcff0e63faf768575') in 0.012990 seconds 
========================================================================
Received Import Request.
  Time since last request: 0.000019 seconds.
  path: Assets/Footsteps - Essentials/Footsteps_Sand/Footsteps_Sand_Run/Footsteps_Sand_Run_05.wav
  artifactKey: Guid(524ca5d8ba6570f47a403855a9d2cf29) Importer(815301076,1909f56bfc062723c751e8b465ee728b)
Start importing Assets/Footsteps - Essentials/Footsteps_Sand/Footsteps_Sand_Run/Footsteps_Sand_Run_05.wav using Guid(524ca5d8ba6570f47a403855a9d2cf29) Importer(815301076,1909f56bfc062723c751e8b465ee728b)  -> (artifact id: 'eed1f6ef966e5eb1ba17fe8934965340') in 0.014819 seconds 
========================================================================
Received Import Request.
  Time since last request: 36.895895 seconds.
  path: Assets/Footsteps - Essentials/Footsteps_Sand/Footsteps_Sand_Jump/Footsteps_Sand_Jump_Land_03.wav
  artifactKey: Guid(e5f9c2116d87f5a46a40ce04919d2dcc) Importer(815301076,1909f56bfc062723c751e8b465ee728b)
Start importing Assets/Footsteps - Essentials/Footsteps_Sand/Footsteps_Sand_Jump/Footsteps_Sand_Jump_Land_03.wav using Guid(e5f9c2116d87f5a46a40ce04919d2dcc) Importer(815301076,1909f56bfc062723c751e8b465ee728b)  -> (artifact id: '5d4b6103fc2117c945d21e34e99231cd') in 0.012007 seconds 
========================================================================
Received Import Request.
  Time since last request: 0.000020 seconds.
  path: Assets/Footsteps - Essentials/Footsteps_Sand/Footsteps_Sand_Jump/Footsteps_Sand_Jump_Land_05.wav
  artifactKey: Guid(778bae15671a6c74c93c28c84cae9fe4) Importer(815301076,1909f56bfc062723c751e8b465ee728b)
Start importing Assets/Footsteps - Essentials/Footsteps_Sand/Footsteps_Sand_Jump/Footsteps_Sand_Jump_Land_05.wav using Guid(778bae15671a6c74c93c28c84cae9fe4) Importer(815301076,1909f56bfc062723c751e8b465ee728b)  -> (artifact id: 'e1c7610d2e92dcb87660acf7094d571c') in 0.013770 seconds 
========================================================================
Received Import Request.
  Time since last request: 0.000019 seconds.
  path: Assets/Footsteps - Essentials/Footsteps_Sand/Footsteps_Sand_Jump/Footsteps_Sand_Jump_Start_04.wav
  artifactKey: Guid(6866bd26706082149a4be4b47f1e1b3d) Importer(815301076,1909f56bfc062723c751e8b465ee728b)
Start importing Assets/Footsteps - Essentials/Footsteps_Sand/Footsteps_Sand_Jump/Footsteps_Sand_Jump_Start_04.wav using Guid(6866bd26706082149a4be4b47f1e1b3d) Importer(815301076,1909f56bfc062723c751e8b465ee728b)  -> (artifact id: 'f163aa28ecf4badd7004985d44bba6b0') in 0.013935 seconds 
========================================================================
Received Import Request.
  Time since last request: 42.147544 seconds.
  path: Assets/Footsteps - Essentials/Footsteps_Leaves/Footsteps_Leaves_Jump/Footsteps_Leaves_Jump_Start_01.wav
  artifactKey: Guid(89024d65ecc31884b8ff35b97efa8dcc) Importer(815301076,1909f56bfc062723c751e8b465ee728b)
Start importing Assets/Footsteps - Essentials/Footsteps_Leaves/Footsteps_Leaves_Jump/Footsteps_Leaves_Jump_Start_01.wav using Guid(89024d65ecc31884b8ff35b97efa8dcc) Importer(815301076,1909f56bfc062723c751e8b465ee728b)  -> (artifact id: '433a77fb13ec5acabeee87f0eff4e7ae') in 0.012374 seconds 
========================================================================
Received Import Request.
  Time since last request: 0.000034 seconds.
  path: Assets/Footsteps - Essentials/Footsteps_Leaves/Footsteps_Leaves_Jump/Footsteps_Leaves_Jump_Start_02.wav
  artifactKey: Guid(156f78901fdf86e49ac90dd0c4a31ac5) Importer(815301076,1909f56bfc062723c751e8b465ee728b)
Start importing Assets/Footsteps - Essentials/Footsteps_Leaves/Footsteps_Leaves_Jump/Footsteps_Leaves_Jump_Start_02.wav using Guid(156f78901fdf86e49ac90dd0c4a31ac5) Importer(815301076,1909f56bfc062723c751e8b465ee728b)  -> (artifact id: '9a292d963cc8f55c43ad5a97b3ee4656') in 0.011560 seconds 
========================================================================
Received Import Request.
  Time since last request: 3.126298 seconds.
  path: Assets/Footsteps - Essentials/Footsteps_Leaves/Footsteps_Leaves_Run/Footsteps_Leaves_Run_03.wav
  artifactKey: Guid(5e1dbdb3454a3244d88f4178f8a08a08) Importer(815301076,1909f56bfc062723c751e8b465ee728b)
Start importing Assets/Footsteps - Essentials/Footsteps_Leaves/Footsteps_Leaves_Run/Footsteps_Leaves_Run_03.wav using Guid(5e1dbdb3454a3244d88f4178f8a08a08) Importer(815301076,1909f56bfc062723c751e8b465ee728b)  -> (artifact id: '7e4e4e249293742c920a14dcc653fc99') in 0.012376 seconds 
========================================================================
Received Import Request.
  Time since last request: 0.000023 seconds.
  path: Assets/Footsteps - Essentials/Footsteps_Leaves/Footsteps_Leaves_Run/Footsteps_Leaves_Run_04.wav
  artifactKey: Guid(81ca12f276403d4429d50fcf4cf8629a) Importer(815301076,1909f56bfc062723c751e8b465ee728b)
Start importing Assets/Footsteps - Essentials/Footsteps_Leaves/Footsteps_Leaves_Run/Footsteps_Leaves_Run_04.wav using Guid(81ca12f276403d4429d50fcf4cf8629a) Importer(815301076,1909f56bfc062723c751e8b465ee728b)  -> (artifact id: 'c8f90238a7c36079865460c6f801466f') in 0.014422 seconds 
========================================================================
Received Import Request.
  Time since last request: 6.589308 seconds.
  path: Assets/Footsteps - Essentials/Footsteps_Metal/Footsteps_Metal_Jump/Footsteps_MetalV1_Jump_Land_03.wav
  artifactKey: Guid(7e629da20f6fdee418e5e60ba9efc23c) Importer(815301076,1909f56bfc062723c751e8b465ee728b)
Start importing Assets/Footsteps - Essentials/Footsteps_Metal/Footsteps_Metal_Jump/Footsteps_MetalV1_Jump_Land_03.wav using Guid(7e629da20f6fdee418e5e60ba9efc23c) Importer(815301076,1909f56bfc062723c751e8b465ee728b)  -> (artifact id: '69e35a204ba702f71a794ad259a22dd5') in 0.011978 seconds 
========================================================================
Received Import Request.
  Time since last request: 0.000017 seconds.
  path: Assets/Footsteps - Essentials/Footsteps_Metal/Footsteps_Metal_Jump/Footsteps_MetalV2_Jump_Land_01.wav
  artifactKey: Guid(5e94f3d51023c5446b59f52c71e0cade) Importer(815301076,1909f56bfc062723c751e8b465ee728b)
Start importing Assets/Footsteps - Essentials/Footsteps_Metal/Footsteps_Metal_Jump/Footsteps_MetalV2_Jump_Land_01.wav using Guid(5e94f3d51023c5446b59f52c71e0cade) Importer(815301076,1909f56bfc062723c751e8b465ee728b)  -> (artifact id: '2c6ca754ae0d40fde3bc01521f5b1a02') in 0.015058 seconds 
========================================================================
Received Import Request.
  Time since last request: 0.000032 seconds.
  path: Assets/Footsteps - Essentials/Footsteps_Metal/Footsteps_Metal_Jump/Footsteps_MetalV1_Jump_Start_03.wav
  artifactKey: Guid(5c39ec0074165fb4eaf789fc68f5379b) Importer(815301076,1909f56bfc062723c751e8b465ee728b)
Start importing Assets/Footsteps - Essentials/Footsteps_Metal/Footsteps_Metal_Jump/Footsteps_MetalV1_Jump_Start_03.wav using Guid(5c39ec0074165fb4eaf789fc68f5379b) Importer(815301076,1909f56bfc062723c751e8b465ee728b)  -> (artifact id: 'e0abf62d422c0b95d7908f6348275691') in 0.015934 seconds 
========================================================================
Received Import Request.
  Time since last request: 0.000016 seconds.
  path: Assets/Footsteps - Essentials/Footsteps_Metal/Footsteps_Metal_Jump/Footsteps_MetalV1_Jump_Start_02.wav
  artifactKey: Guid(d22035de002018b44bc76a915efcba10) Importer(815301076,1909f56bfc062723c751e8b465ee728b)
Start importing Assets/Footsteps - Essentials/Footsteps_Metal/Footsteps_Metal_Jump/Footsteps_MetalV1_Jump_Start_02.wav using Guid(d22035de002018b44bc76a915efcba10) Importer(815301076,1909f56bfc062723c751e8b465ee728b)  -> (artifact id: '4986cc80bf1fda6efe1f1e86abb83bbd') in 0.014305 seconds 
========================================================================
Received Import Request.
  Time since last request: 31.119241 seconds.
  path: Assets/Footsteps - Essentials/Footsteps_Rock/Footsteps_Rock_Jump/Footsteps_Rock_Jump_Land_03.wav
  artifactKey: Guid(b796f7e3b1a4d7344b7ee8d6c077a68f) Importer(815301076,1909f56bfc062723c751e8b465ee728b)
Start importing Assets/Footsteps - Essentials/Footsteps_Rock/Footsteps_Rock_Jump/Footsteps_Rock_Jump_Land_03.wav using Guid(b796f7e3b1a4d7344b7ee8d6c077a68f) Importer(815301076,1909f56bfc062723c751e8b465ee728b)  -> (artifact id: '71111ccdf47b13d7edee4df5efd3a7ea') in 0.012564 seconds 
========================================================================
Received Import Request.
  Time since last request: 0.000023 seconds.
  path: Assets/Footsteps - Essentials/Footsteps_Rock/Footsteps_Rock_Jump/Footsteps_Rock_Jump_Start_06.wav
  artifactKey: Guid(866abdf3a931850498786581089be202) Importer(815301076,1909f56bfc062723c751e8b465ee728b)
Start importing Assets/Footsteps - Essentials/Footsteps_Rock/Footsteps_Rock_Jump/Footsteps_Rock_Jump_Start_06.wav using Guid(866abdf3a931850498786581089be202) Importer(815301076,1909f56bfc062723c751e8b465ee728b)  -> (artifact id: 'd12baa6236db25bee304fad8fdb32793') in 0.013484 seconds 
========================================================================
Received Import Request.
  Time since last request: 0.000022 seconds.
  path: Assets/Footsteps - Essentials/Footsteps_Rock/Footsteps_Rock_Jump/Footsteps_Rock_Jump_Start_05.wav
  artifactKey: Guid(322f3dcfdbd5b5742a885bfbc4fe5365) Importer(815301076,1909f56bfc062723c751e8b465ee728b)
Start importing Assets/Footsteps - Essentials/Footsteps_Rock/Footsteps_Rock_Jump/Footsteps_Rock_Jump_Start_05.wav using Guid(322f3dcfdbd5b5742a885bfbc4fe5365) Importer(815301076,1909f56bfc062723c751e8b465ee728b)  -> (artifact id: '2915a0bf71e224fc6bcd7ac9adcb3673') in 0.012329 seconds 
========================================================================
Received Import Request.
  Time since last request: 0.000020 seconds.
  path: Assets/Footsteps - Essentials/Footsteps_Rock/Footsteps_Rock_Jump/Footsteps_Rock_Jump_Start_01.wav
  artifactKey: Guid(8420cf17e21d6354a98e6ef6d19dc9cc) Importer(815301076,1909f56bfc062723c751e8b465ee728b)
Start importing Assets/Footsteps - Essentials/Footsteps_Rock/Footsteps_Rock_Jump/Footsteps_Rock_Jump_Start_01.wav using Guid(8420cf17e21d6354a98e6ef6d19dc9cc) Importer(815301076,1909f56bfc062723c751e8b465ee728b)  -> (artifact id: '3230b6a7cef38f6d7b4e14330acb1781') in 0.014228 seconds 
========================================================================
Received Import Request.
  Time since last request: 19.813663 seconds.
  path: Assets/Footsteps - Essentials/Footsteps_Grass/Footsteps_Grass_Jump/Footsteps_Grass_Jump_Land_03.wav
  artifactKey: Guid(856b6d74addb9ad4ab2b7b47bae3e839) Importer(815301076,1909f56bfc062723c751e8b465ee728b)
Start importing Assets/Footsteps - Essentials/Footsteps_Grass/Footsteps_Grass_Jump/Footsteps_Grass_Jump_Land_03.wav using Guid(856b6d74addb9ad4ab2b7b47bae3e839) Importer(815301076,1909f56bfc062723c751e8b465ee728b)  -> (artifact id: '4475eba382e75c4866eb553024b317a1') in 0.012610 seconds 
========================================================================
Received Import Request.
  Time since last request: 0.000031 seconds.
  path: Assets/Footsteps - Essentials/Footsteps_Grass/Footsteps_Grass_Jump/Footsteps_Grass_Jump_Start_07.wav
  artifactKey: Guid(0f4dd9cb929f5ac4f82b43558fde29c6) Importer(815301076,1909f56bfc062723c751e8b465ee728b)
Start importing Assets/Footsteps - Essentials/Footsteps_Grass/Footsteps_Grass_Jump/Footsteps_Grass_Jump_Start_07.wav using Guid(0f4dd9cb929f5ac4f82b43558fde29c6) Importer(815301076,1909f56bfc062723c751e8b465ee728b)  -> (artifact id: 'c7a3444d25106ed3b3e49c205efcb8bd') in 0.013829 seconds 
========================================================================
Received Import Request.
  Time since last request: 0.000023 seconds.
  path: Assets/Footsteps - Essentials/Footsteps_Grass/Footsteps_Grass_Jump/Footsteps_Grass_Jump_Land_10.wav
  artifactKey: Guid(7d65afb5fe7bb7e41a03b001f5acfbde) Importer(815301076,1909f56bfc062723c751e8b465ee728b)
Start importing Assets/Footsteps - Essentials/Footsteps_Grass/Footsteps_Grass_Jump/Footsteps_Grass_Jump_Land_10.wav using Guid(7d65afb5fe7bb7e41a03b001f5acfbde) Importer(815301076,1909f56bfc062723c751e8b465ee728b)  -> (artifact id: 'b01f6881cf9eed2c33be9d10fa726a65') in 0.013321 seconds 
========================================================================
Received Import Request.
  Time since last request: 0.000015 seconds.
  path: Assets/Footsteps - Essentials/Footsteps_Grass/Footsteps_Grass_Jump/Footsteps_Grass_Jump_Land_04.wav
  artifactKey: Guid(f2bc9c36f73ea50419060ec6eb40c246) Importer(815301076,1909f56bfc062723c751e8b465ee728b)
Start importing Assets/Footsteps - Essentials/Footsteps_Grass/Footsteps_Grass_Jump/Footsteps_Grass_Jump_Land_04.wav using Guid(f2bc9c36f73ea50419060ec6eb40c246) Importer(815301076,1909f56bfc062723c751e8b465ee728b)  -> (artifact id: 'afc3d565a6ebe86dab87c962b5b255b9') in 0.013452 seconds 
========================================================================
Received Import Request.
  Time since last request: 0.000019 seconds.
  path: Assets/Footsteps - Essentials/Footsteps_Grass/Footsteps_Grass_Jump/Footsteps_Grass_Jump_Start_03.wav
  artifactKey: Guid(fe175f117cf3fb2428d279bc830a1830) Importer(815301076,1909f56bfc062723c751e8b465ee728b)
Start importing Assets/Footsteps - Essentials/Footsteps_Grass/Footsteps_Grass_Jump/Footsteps_Grass_Jump_Start_03.wav using Guid(fe175f117cf3fb2428d279bc830a1830) Importer(815301076,1909f56bfc062723c751e8b465ee728b)  -> (artifact id: '155b720dd244222f015d0119e936d73d') in 0.012999 seconds 
========================================================================
Received Import Request.
  Time since last request: 0.000018 seconds.
  path: Assets/Footsteps - Essentials/Footsteps_Grass/Footsteps_Grass_Jump/Footsteps_Grass_Jump_Start_04.wav
  artifactKey: Guid(d3d29f80378ba8e4e9c00f92fc5b5d4e) Importer(815301076,1909f56bfc062723c751e8b465ee728b)
Start importing Assets/Footsteps - Essentials/Footsteps_Grass/Footsteps_Grass_Jump/Footsteps_Grass_Jump_Start_04.wav using Guid(d3d29f80378ba8e4e9c00f92fc5b5d4e) Importer(815301076,1909f56bfc062723c751e8b465ee728b)  -> (artifact id: 'ae06d1a57c77e93bd344b38a43a101ba') in 0.012292 seconds 
========================================================================
Received Import Request.
  Time since last request: 0.000020 seconds.
  path: Assets/Footsteps - Essentials/Footsteps_Grass/Footsteps_Grass_Jump/Footsteps_Grass_Jump_Start_01.wav
  artifactKey: Guid(984d316ed8be3ac4da9e31768a8b1fa9) Importer(815301076,1909f56bfc062723c751e8b465ee728b)
Start importing Assets/Footsteps - Essentials/Footsteps_Grass/Footsteps_Grass_Jump/Footsteps_Grass_Jump_Start_01.wav using Guid(984d316ed8be3ac4da9e31768a8b1fa9) Importer(815301076,1909f56bfc062723c751e8b465ee728b)  -> (artifact id: '638754a8666322b45692e480339cb874') in 0.012548 seconds 
========================================================================
Received Import Request.
  Time since last request: 9.101551 seconds.
  path: Assets/Footsteps - Essentials/Footsteps_Rock/Footsteps_Rock_Run/Footsteps_Rock_Run_03.wav
  artifactKey: Guid(7b4b6eb734482064c8c1e5fd45d4d76c) Importer(815301076,1909f56bfc062723c751e8b465ee728b)
Start importing Assets/Footsteps - Essentials/Footsteps_Rock/Footsteps_Rock_Run/Footsteps_Rock_Run_03.wav using Guid(7b4b6eb734482064c8c1e5fd45d4d76c) Importer(815301076,1909f56bfc062723c751e8b465ee728b)  -> (artifact id: '2794d787171cb86997536e6dd08b67e6') in 0.013211 seconds 
========================================================================
Received Import Request.
  Time since last request: 0.000019 seconds.
  path: Assets/Footsteps - Essentials/Footsteps_Rock/Footsteps_Rock_Run/Footsteps_Rock_Run_09.wav
  artifactKey: Guid(068414160a0ccf34ca0c11b55d43ffc8) Importer(815301076,1909f56bfc062723c751e8b465ee728b)
Start importing Assets/Footsteps - Essentials/Footsteps_Rock/Footsteps_Rock_Run/Footsteps_Rock_Run_09.wav using Guid(068414160a0ccf34ca0c11b55d43ffc8) Importer(815301076,1909f56bfc062723c751e8b465ee728b)  -> (artifact id: '063a3e0068af09a1dd6c18bfaa9f2127') in 0.013101 seconds 
========================================================================
Received Import Request.
  Time since last request: 0.000018 seconds.
  path: Assets/Footsteps - Essentials/Footsteps_Rock/Footsteps_Rock_Run/Footsteps_Rock_Run_07.wav
  artifactKey: Guid(3069c9f7e833f8e4099228c28f9d65dd) Importer(815301076,1909f56bfc062723c751e8b465ee728b)
Start importing Assets/Footsteps - Essentials/Footsteps_Rock/Footsteps_Rock_Run/Footsteps_Rock_Run_07.wav using Guid(3069c9f7e833f8e4099228c28f9d65dd) Importer(815301076,1909f56bfc062723c751e8b465ee728b)  -> (artifact id: '9b20fa63806b097ab45273e5ce3d7ce4') in 0.015444 seconds 
========================================================================
Received Import Request.
  Time since last request: 43.863414 seconds.
  path: Assets/Footsteps - Essentials/Footsteps_Gravel/Footsteps_Gravel_Jump/Footsteps_Jump_Land_03.wav
  artifactKey: Guid(70bfbaaebebfb0d4ba87a5e9947d5ad3) Importer(815301076,1909f56bfc062723c751e8b465ee728b)
Start importing Assets/Footsteps - Essentials/Footsteps_Gravel/Footsteps_Gravel_Jump/Footsteps_Jump_Land_03.wav using Guid(70bfbaaebebfb0d4ba87a5e9947d5ad3) Importer(815301076,1909f56bfc062723c751e8b465ee728b)  -> (artifact id: '52ad6897c9ede3e7b7e36f09518a097f') in 0.012337 seconds 
========================================================================
Received Import Request.
  Time since last request: 0.000016 seconds.
  path: Assets/Footsteps - Essentials/Footsteps_Gravel/Footsteps_Gravel_Jump/Footsteps_Jump_Start_03.wav
  artifactKey: Guid(f7d6941d3b847874686c2b6a80ab8a1b) Importer(815301076,1909f56bfc062723c751e8b465ee728b)
Start importing Assets/Footsteps - Essentials/Footsteps_Gravel/Footsteps_Gravel_Jump/Footsteps_Jump_Start_03.wav using Guid(f7d6941d3b847874686c2b6a80ab8a1b) Importer(815301076,1909f56bfc062723c751e8b465ee728b)  -> (artifact id: 'b31fe49899554ca829c39f33fc8712d8') in 0.013546 seconds 
========================================================================
Received Import Request.
  Time since last request: 8.580920 seconds.
  path: Assets/Footsteps - Essentials/Footsteps_Mud/Footsteps_Mud_Run/Footsteps_Mud_Run_03.wav
  artifactKey: Guid(19d07bb6bdfbaae43acf30893876bba4) Importer(815301076,1909f56bfc062723c751e8b465ee728b)
Start importing Assets/Footsteps - Essentials/Footsteps_Mud/Footsteps_Mud_Run/Footsteps_Mud_Run_03.wav using Guid(19d07bb6bdfbaae43acf30893876bba4) Importer(815301076,1909f56bfc062723c751e8b465ee728b)  -> (artifact id: '8b12045119c581bf672d2e0af946ba90') in 0.012000 seconds 
========================================================================
Received Import Request.
  Time since last request: 0.000029 seconds.
  path: Assets/Footsteps - Essentials/Footsteps_Mud/Footsteps_Mud_Run/Footsteps_Mud_Run_07.wav
  artifactKey: Guid(374c71596ed63e44ca7a07f15ed1ccd7) Importer(815301076,1909f56bfc062723c751e8b465ee728b)
Start importing Assets/Footsteps - Essentials/Footsteps_Mud/Footsteps_Mud_Run/Footsteps_Mud_Run_07.wav using Guid(374c71596ed63e44ca7a07f15ed1ccd7) Importer(815301076,1909f56bfc062723c751e8b465ee728b)  -> (artifact id: 'ce992a3231bfb51e49a7fe907bd87d19') in 0.012986 seconds 
========================================================================
Received Import Request.
  Time since last request: 0.686611 seconds.
  path: Assets/Footsteps - Essentials/Footsteps_Mud/Footsteps_Mud_Jump/Footsteps_Mud_Jump_Land_03.wav
  artifactKey: Guid(09285afe64b606044b4bba58b6cced49) Importer(815301076,1909f56bfc062723c751e8b465ee728b)
Start importing Assets/Footsteps - Essentials/Footsteps_Mud/Footsteps_Mud_Jump/Footsteps_Mud_Jump_Land_03.wav using Guid(09285afe64b606044b4bba58b6cced49) Importer(815301076,1909f56bfc062723c751e8b465ee728b)  -> (artifact id: '55fddebff1d513d4760eac6a89d9f0f8') in 0.011651 seconds 
========================================================================
Received Import Request.
  Time since last request: 0.000029 seconds.
  path: Assets/Footsteps - Essentials/Footsteps_Mud/Footsteps_Mud_Jump/Footsteps_Mud_Jump_Land_04.wav
  artifactKey: Guid(7eeb546a06967a149a37ea3e205b518b) Importer(815301076,1909f56bfc062723c751e8b465ee728b)
Start importing Assets/Footsteps - Essentials/Footsteps_Mud/Footsteps_Mud_Jump/Footsteps_Mud_Jump_Land_04.wav using Guid(7eeb546a06967a149a37ea3e205b518b) Importer(815301076,1909f56bfc062723c751e8b465ee728b)  -> (artifact id: '82cf718c96c0f05305f7327c9ac4ce84') in 0.011494 seconds 
========================================================================
Received Import Request.
  Time since last request: 68.960731 seconds.
  path: Assets/Footsteps - Essentials/Footsteps_Mud/Footsteps_Mud_Walk/Footsteps_Mud_Walk_03.wav
  artifactKey: Guid(64a3500e0328dba43a0bc91e55dcef3f) Importer(815301076,1909f56bfc062723c751e8b465ee728b)
Start importing Assets/Footsteps - Essentials/Footsteps_Mud/Footsteps_Mud_Walk/Footsteps_Mud_Walk_03.wav using Guid(64a3500e0328dba43a0bc91e55dcef3f) Importer(815301076,1909f56bfc062723c751e8b465ee728b)  -> (artifact id: 'ec2b1c48a16859e6b6120ae4e4bbaa66') in 0.015114 seconds 
========================================================================
Received Import Request.
  Time since last request: 0.000023 seconds.
  path: Assets/Footsteps - Essentials/Footsteps_Mud/Footsteps_Mud_Walk/Footsteps_Mud_Walk_08.wav
  artifactKey: Guid(6e6c9769d9509db4e8d892892f70aa11) Importer(815301076,1909f56bfc062723c751e8b465ee728b)
Start importing Assets/Footsteps - Essentials/Footsteps_Mud/Footsteps_Mud_Walk/Footsteps_Mud_Walk_08.wav using Guid(6e6c9769d9509db4e8d892892f70aa11) Importer(815301076,1909f56bfc062723c751e8b465ee728b)  -> (artifact id: 'f755a238b7bd8707d023dd91e9030dcd') in 0.011751 seconds 
========================================================================
Received Import Request.
  Time since last request: 0.000031 seconds.
  path: Assets/Footsteps - Essentials/Footsteps_Mud/Footsteps_Mud_Walk/Footsteps_Mud_Walk_04.wav
  artifactKey: Guid(e702c6b7953d72f42a62778c969b44ce) Importer(815301076,1909f56bfc062723c751e8b465ee728b)
Start importing Assets/Footsteps - Essentials/Footsteps_Mud/Footsteps_Mud_Walk/Footsteps_Mud_Walk_04.wav using Guid(e702c6b7953d72f42a62778c969b44ce) Importer(815301076,1909f56bfc062723c751e8b465ee728b)  -> (artifact id: 'f0c4e0b03b61bb1e8ebc74c7247bb8d7') in 0.012756 seconds 
========================================================================
Received Import Request.
  Time since last request: 0.000018 seconds.
  path: Assets/Footsteps - Essentials/Footsteps_Mud/Footsteps_Mud_Walk/Footsteps_Mud_Walk_09.wav
  artifactKey: Guid(28b19276079fa4548a5d5a92b6291501) Importer(815301076,1909f56bfc062723c751e8b465ee728b)
Start importing Assets/Footsteps - Essentials/Footsteps_Mud/Footsteps_Mud_Walk/Footsteps_Mud_Walk_09.wav using Guid(28b19276079fa4548a5d5a92b6291501) Importer(815301076,1909f56bfc062723c751e8b465ee728b)  -> (artifact id: '04ea30e4791452b8fe4b0cb4b5ddc3e8') in 0.011709 seconds 
Editor requested this worker to shutdown with reason: Scaling down because of idle timeout
AssetImportWorker is now disconnected from the server
Process exiting
Exiting without the bug reporter. Application will terminate with return code 0